<?xml version="1.0" encoding="UTF-8"?>
<testng-results ignored="0" total="1" passed="1" failed="0" skipped="0">
  <reporter-output>
  </reporter-output>
  <suite started-at="2024-09-15T09:46:32 IST" name="Suite" finished-at="2024-09-15T09:47:05 IST" duration-ms="32316">
    <groups>
    </groups>
    <test started-at="2024-09-15T09:46:32 IST" name="Test" finished-at="2024-09-15T09:47:05 IST" duration-ms="32316">
      <class name="siva.EndtoEnd">
        <test-method signature="mainpage()[pri:0, instance:siva.EndtoEnd@306e95ec]" started-at="2024-09-15T09:46:32 IST" name="mainpage" finished-at="2024-09-15T09:47:05 IST" duration-ms="32264" status="PASS">
          <reporter-output>
          </reporter-output>
        </test-method> <!-- mainpage -->
      </class> <!-- siva.EndtoEnd -->
    </test> <!-- Test -->
  </suite> <!-- Suite -->
</testng-results>
